# JRE version: Java(TM) SE Runtime Environment (8.0_45-b14) (build 1.8.0_45-b14)
# Java VM: Java HotSpot(TM) 64-Bit Server VM (25.45-b02 mixed mode windows-amd64 compressed oops)
Heap:
 PSYoungGen      total 57344K, used 43509K [0x00000000eb580000, 0x00000000f7d00000, 0x0000000100000000)
  eden space 55808K, 77% used [0x00000000eb580000,0x00000000edfa5438,0x00000000eec00000)
  from space 1536K, 22% used [0x00000000f7a00000,0x00000000f7a58000,0x00000000f7b80000)
  to   space 1024K, 0% used [0x00000000f7c00000,0x00000000f7c00000,0x00000000f7d00000)
 ParOldGen       total 82432K, used 28937K [0x00000000c2000000, 0x00000000c7080000, 0x00000000eb580000)
  object space 82432K, 35% used [0x00000000c2000000,0x00000000c3c42478,0x00000000c7080000)
 Metaspace       used 54782K, capacity 56998K, committed 57256K, reserved 1097728K
  class space    used 7614K, capacity 8302K, committed 8368K, reserved 1048576K
GC Heap History (10 events):
Event: 307.239 GC heap before
{Heap before GC invocations=126 (full 4):
 PSYoungGen      total 47616K, used 2K [0x00000000eb580000, 0x00000000f7e00000, 0x0000000100000000)
  eden space 46592K, 0% used [0x00000000eb580000,0x00000000eb580810,0x00000000ee300000)
  from space 1024K, 0% used [0x00000000f7c80000,0x00000000f7c80000,0x00000000f7d80000)
  to   space 512K, 0% used [0x00000000f7d80000,0x00000000f7d80000,0x00000000f7e00000)
 ParOldGen       total 82432K, used 28929K [0x00000000c2000000, 0x00000000c7080000, 0x00000000eb580000)
  object space 82432K, 35% used [0x00000000c2000000,0x00000000c3c40478,0x00000000c7080000)
 Metaspace       used 54744K, capacity 56998K, committed 57256K, reserved 1097728K
  class space    used 7610K, capacity 8302K, committed 8368K, reserved 1048576K
Event: 307.242 GC heap after
Heap after GC invocations=126 (full 4):
 PSYoungGen      total 47104K, used 0K [0x00000000eb580000, 0x00000000f7e00000, 0x0000000100000000)
  eden space 46592K, 0% used [0x00000000eb580000,0x00000000eb580000,0x00000000ee300000)
  from space 512K, 0% used [0x00000000f7d80000,0x00000000f7d80000,0x00000000f7e00000)
  to   space 1536K, 0% used [0x00000000f7b00000,0x00000000f7b00000,0x00000000f7c80000)
 ParOldGen       total 82432K, used 28929K [0x00000000c2000000, 0x00000000c7080000, 0x00000000eb580000)
  object space 82432K, 35% used [0x00000000c2000000,0x00000000c3c40478,0x00000000c7080000)
 Metaspace       used 54744K, capacity 56998K, committed 57256K, reserved 1097728K
  class space    used 7610K, capacity 8302K, committed 8368K, reserved 1048576K
}
Event: 307.242 GC heap before
{Heap before GC invocations=127 (full 5):
 PSYoungGen      total 47104K, used 0K [0x00000000eb580000, 0x00000000f7e00000, 0x0000000100000000)
  eden space 46592K, 0% used [0x00000000eb580000,0x00000000eb580000,0x00000000ee300000)
  from space 512K, 0% used [0x00000000f7d80000,0x00000000f7d80000,0x00000000f7e00000)
  to   space 1536K, 0% used [0x00000000f7b00000,0x00000000f7b00000,0x00000000f7c80000)
 ParOldGen       total 82432K, used 28929K [0x00000000c2000000, 0x00000000c7080000, 0x00000000eb580000)
  object space 82432K, 35% used [0x00000000c2000000,0x00000000c3c40478,0x00000000c7080000)
 Metaspace       used 54744K, capacity 56998K, committed 57256K, reserved 1097728K
  class space    used 7610K, capacity 8302K, committed 8368K, reserved 1048576K
Event: 307.312 GC heap after
Heap after GC invocations=127 (full 5):
 PSYoungGen      total 47104K, used 0K [0x00000000eb580000, 0x00000000f7e00000, 0x0000000100000000)
  eden space 46592K, 0% used [0x00000000eb580000,0x00000000eb580000,0x00000000ee300000)
  from space 512K, 0% used [0x00000000f7d80000,0x00000000f7d80000,0x00000000f7e00000)
  to   space 1536K, 0% used [0x00000000f7b00000,0x00000000f7b00000,0x00000000f7c80000)
 ParOldGen       total 82432K, used 28929K [0x00000000c2000000, 0x00000000c7080000, 0x00000000eb580000)
  object space 82432K, 35% used [0x00000000c2000000,0x00000000c3c40478,0x00000000c7080000)
 Metaspace       used 54744K, capacity 56998K, committed 57256K, reserved 1097728K
  class space    used 7610K, capacity 8302K, committed 8368K, reserved 1048576K
}
Event: 308.279 GC heap before
{Heap before GC invocations=128 (full 5):
 PSYoungGen      total 47104K, used 46592K [0x00000000eb580000, 0x00000000f7e00000, 0x0000000100000000)
  eden space 46592K, 100% used [0x00000000eb580000,0x00000000ee300000,0x00000000ee300000)
  from space 512K, 0% used [0x00000000f7d80000,0x00000000f7d80000,0x00000000f7e00000)
  to   space 1536K, 0% used [0x00000000f7b00000,0x00000000f7b00000,0x00000000f7c80000)
 ParOldGen       total 82432K, used 28929K [0x00000000c2000000, 0x00000000c7080000, 0x00000000eb580000)
  object space 82432K, 35% used [0x00000000c2000000,0x00000000c3c40478,0x00000000c7080000)
 Metaspace       used 54776K, capacity 56998K, committed 57256K, reserved 1097728K
  class space    used 7614K, capacity 8302K, committed 8368K, reserved 1048576K
Event: 308.282 GC heap after
Heap after GC invocations=128 (full 5):
 PSYoungGen      total 51200K, used 224K [0x00000000eb580000, 0x00000000f7e00000, 0x0000000100000000)
  eden space 49664K, 0% used [0x00000000eb580000,0x00000000eb580000,0x00000000ee600000)
  from space 1536K, 14% used [0x00000000f7b00000,0x00000000f7b38000,0x00000000f7c80000)
  to   space 1536K, 0% used [0x00000000f7c80000,0x00000000f7c80000,0x00000000f7e00000)
 ParOldGen       total 82432K, used 28937K [0x00000000c2000000, 0x00000000c7080000, 0x00000000eb580000)
  object space 82432K, 35% used [0x00000000c2000000,0x00000000c3c42478,0x00000000c7080000)
 Metaspace       used 54776K, capacity 56998K, committed 57256K, reserved 1097728K
  class space    used 7614K, capacity 8302K, committed 8368K, reserved 1048576K
}
Event: 309.339 GC heap before
{Heap before GC invocations=129 (full 5):
 PSYoungGen      total 51200K, used 49888K [0x00000000eb580000, 0x00000000f7e00000, 0x0000000100000000)
  eden space 49664K, 100% used [0x00000000eb580000,0x00000000ee600000,0x00000000ee600000)
  from space 1536K, 14% used [0x00000000f7b00000,0x00000000f7b38000,0x00000000f7c80000)
  to   space 1536K, 0% used [0x00000000f7c80000,0x00000000f7c80000,0x00000000f7e00000)
 ParOldGen       total 82432K, used 28937K [0x00000000c2000000, 0x00000000c7080000, 0x00000000eb580000)
  object space 82432K, 35% used [0x00000000c2000000,0x00000000c3c42478,0x00000000c7080000)
 Metaspace       used 54776K, capacity 56998K, committed 57256K, reserved 1097728K
  class space    used 7614K, capacity 8302K, committed 8368K, reserved 1048576K
Event: 309.342 GC heap after
Heap after GC invocations=129 (full 5):
 PSYoungGen      total 53248K, used 224K [0x00000000eb580000, 0x00000000f7d00000, 0x0000000100000000)
  eden space 52736K, 0% used [0x00000000eb580000,0x00000000eb580000,0x00000000ee900000)
  from space 512K, 43% used [0x00000000f7c80000,0x00000000f7cb8000,0x00000000f7d00000)
  to   space 1536K, 0% used [0x00000000f7a00000,0x00000000f7a00000,0x00000000f7b80000)
 ParOldGen       total 82432K, used 28937K [0x00000000c2000000, 0x00000000c7080000, 0x00000000eb580000)
  object space 82432K, 35% used [0x00000000c2000000,0x00000000c3c42478,0x00000000c7080000)
 Metaspace       used 54776K, capacity 56998K, committed 57256K, reserved 1097728K
  class space    used 7614K, capacity 8302K, committed 8368K, reserved 1048576K
}
Event: 310.456 GC heap before
{Heap before GC invocations=130 (full 5):
 PSYoungGen      total 53248K, used 52960K [0x00000000eb580000, 0x00000000f7d00000, 0x0000000100000000)
  eden space 52736K, 100% used [0x00000000eb580000,0x00000000ee900000,0x00000000ee900000)
  from space 512K, 43% used [0x00000000f7c80000,0x00000000f7cb8000,0x00000000f7d00000)
  to   space 1536K, 0% used [0x00000000f7a00000,0x00000000f7a00000,0x00000000f7b80000)
 ParOldGen       total 82432K, used 28937K [0x00000000c2000000, 0x00000000c7080000, 0x00000000eb580000)
  object space 82432K, 35% used [0x00000000c2000000,0x00000000c3c42478,0x00000000c7080000)
 Metaspace       used 54779K, capacity 56998K, committed 57256K, reserved 1097728K
  class space    used 7614K, capacity 8302K, committed 8368K, reserved 1048576K
Event: 310.459 GC heap after
Heap after GC invocations=130 (full 5):
 PSYoungGen      total 57344K, used 352K [0x00000000eb580000, 0x00000000f7d00000, 0x0000000100000000)
  eden space 55808K, 0% used [0x00000000eb580000,0x00000000eb580000,0x00000000eec00000)
  from space 1536K, 22% used [0x00000000f7a00000,0x00000000f7a58000,0x00000000f7b80000)
  to   space 1024K, 0% used [0x00000000f7c00000,0x00000000f7c00000,0x00000000f7d00000)
 ParOldGen       total 82432K, used 28937K [0x00000000c2000000, 0x00000000c7080000, 0x00000000eb580000)
  object space 82432K, 35% used [0x00000000c2000000,0x00000000c3c42478,0x00000000c7080000)
 Metaspace       used 54779K, capacity 56998K, committed 57256K, reserved 1097728K
  class space    used 7614K, capacity 8302K, committed 8368K, reserved 1048576K
}

